<?xml version="1.0" encoding="UTF-8"?>
<testng-results skipped="0" failed="0" ignored="0" total="2" passed="2">
  <reporter-output>
    <line>
      <![CDATA[Created]]>
    </line>
    <line>
      <![CDATA[Delete User]]>
    </line>
  </reporter-output>
  <suite name="Default suite" duration-ms="54" started-at="2021-09-03T16:40:18Z" finished-at="2021-09-03T16:40:18Z">
    <groups>
    </groups>
    <test name="Default test" duration-ms="54" started-at="2021-09-03T16:40:18Z" finished-at="2021-09-03T16:40:18Z">
      <class name="scripts.S39_Test_DependsOn_OtherTest">
        <test-method status="PASS" signature="createUser()[pri:0, instance:scripts.S39_Test_DependsOn_OtherTest@7b69c6ba]" name="createUser" duration-ms="17" started-at="2021-09-03T22:10:18Z" finished-at="2021-09-03T22:10:18Z">
          <reporter-output>
            <line>
              <![CDATA[Created]]>
            </line>
          </reporter-output>
        </test-method> <!-- createUser -->
        <test-method status="PASS" signature="deleteUser()[pri:0, instance:scripts.S39_Test_DependsOn_OtherTest@7b69c6ba]" name="deleteUser" duration-ms="2" started-at="2021-09-03T22:10:18Z" depends-on-methods="scripts.S39_Test_DependsOn_OtherTest.createUser" finished-at="2021-09-03T22:10:18Z">
          <reporter-output>
            <line>
              <![CDATA[Delete User]]>
            </line>
          </reporter-output>
        </test-method> <!-- deleteUser -->
      </class> <!-- scripts.S39_Test_DependsOn_OtherTest -->
    </test> <!-- Default test -->
  </suite> <!-- Default suite -->
</testng-results>
